# JRE version: OpenJDK Runtime Environment (21.0.5) (build 21.0.5+-13047016-b750.29)
# Java VM: OpenJDK 64-Bit Server VM (21.0.5+-13047016-b750.29, mixed mode, tiered, compressed oops, compressed class ptrs, g1 gc, windows-amd64)
GC Precious Log:
 CardTable entry size: 512
 Card Set container configuration: InlinePtr #cards 5 size 8 Array Of Cards #cards 12 size 40 Howl #buckets 4 coarsen threshold 1843 Howl Bitmap #cards 512 size 80 coarsen threshold 460 Card regions per heap region 1 cards per card region 2048
 CPUs: 16 total, 16 available
 Memory: 16052M
 Large Page Support: Disabled
 NUMA Support: Disabled
 Compressed Oops: Enabled (32-bit)
 Heap Region Size: 1M
 Heap Min Capacity: 8M
 Heap Initial Capacity: 252M
 Heap Max Capacity: 2G
 Pre-touch: Disabled
 Parallel Workers: 13
 Concurrent Workers: 3
 Concurrent Refinement Workers: 13
 Periodic GC: Disabled
Heap:
 garbage-first heap   total 207872K, used 135893K [0x0000000080000000, 0x0000000100000000)
  region size 1024K, 13 young (13312K), 9 survivors (9216K)
 Metaspace       used 123735K, committed 126080K, reserved 1179648K
  class space    used 16691K, committed 17856K, reserved 1048576K
GC Heap History (20 events):
Event: 8.904 GC heap before
{Heap before GC invocations=33 (full 0):
 garbage-first heap   total 172032K, used 117743K [0x0000000080000000, 0x0000000100000000)
  region size 1024K, 36 young (36864K), 8 survivors (8192K)
 Metaspace       used 94787K, committed 96704K, reserved 1179648K
  class space    used 12621K, committed 13568K, reserved 1048576K
}
Event: 8.908 GC heap after
{Heap after GC invocations=34 (full 0):
 garbage-first heap   total 172032K, used 92213K [0x0000000080000000, 0x0000000100000000)
  region size 1024K, 2 young (2048K), 2 survivors (2048K)
 Metaspace       used 94787K, committed 96704K, reserved 1179648K
  class space    used 12621K, committed 13568K, reserved 1048576K
}
Event: 9.583 GC heap before
{Heap before GC invocations=35 (full 0):
 garbage-first heap   total 172032K, used 152629K [0x0000000080000000, 0x0000000100000000)
  region size 1024K, 60 young (61440K), 2 survivors (2048K)
 Metaspace       used 99505K, committed 101504K, reserved 1179648K
  class space    used 13433K, committed 14464K, reserved 1048576K
}
Event: 9.586 GC heap after
{Heap after GC invocations=36 (full 0):
 garbage-first heap   total 172032K, used 93237K [0x0000000080000000, 0x0000000100000000)
  region size 1024K, 3 young (3072K), 3 survivors (3072K)
 Metaspace       used 99505K, committed 101504K, reserved 1179648K
  class space    used 13433K, committed 14464K, reserved 1048576K
}
Event: 10.138 GC heap before
{Heap before GC invocations=36 (full 0):
 garbage-first heap   total 172032K, used 154677K [0x0000000080000000, 0x0000000100000000)
  region size 1024K, 63 young (64512K), 3 survivors (3072K)
 Metaspace       used 104156K, committed 106240K, reserved 1179648K
  class space    used 14097K, committed 15168K, reserved 1048576K
}
Event: 10.144 GC heap after
{Heap after GC invocations=37 (full 0):
 garbage-first heap   total 172032K, used 95256K [0x0000000080000000, 0x0000000100000000)
  region size 1024K, 7 young (7168K), 7 survivors (7168K)
 Metaspace       used 104156K, committed 106240K, reserved 1179648K
  class space    used 14097K, committed 15168K, reserved 1048576K
}
Event: 10.691 GC heap before
{Heap before GC invocations=37 (full 0):
 garbage-first heap   total 172032K, used 154648K [0x0000000080000000, 0x0000000100000000)
  region size 1024K, 65 young (66560K), 7 survivors (7168K)
 Metaspace       used 109748K, committed 111936K, reserved 1179648K
  class space    used 14883K, committed 16000K, reserved 1048576K
}
Event: 10.696 GC heap after
{Heap after GC invocations=38 (full 0):
 garbage-first heap   total 172032K, used 98327K [0x0000000080000000, 0x0000000100000000)
  region size 1024K, 7 young (7168K), 7 survivors (7168K)
 Metaspace       used 109748K, committed 111936K, reserved 1179648K
  class space    used 14883K, committed 16000K, reserved 1048576K
}
Event: 11.177 GC heap before
{Heap before GC invocations=39 (full 0):
 garbage-first heap   total 172032K, used 158743K [0x0000000080000000, 0x0000000100000000)
  region size 1024K, 62 young (63488K), 7 survivors (7168K)
 Metaspace       used 113507K, committed 115648K, reserved 1179648K
  class space    used 15246K, committed 16320K, reserved 1048576K
}
Event: 11.187 GC heap after
{Heap after GC invocations=40 (full 0):
 garbage-first heap   total 173056K, used 104401K [0x0000000080000000, 0x0000000100000000)
  region size 1024K, 8 young (8192K), 8 survivors (8192K)
 Metaspace       used 113507K, committed 115648K, reserved 1179648K
  class space    used 15246K, committed 16320K, reserved 1048576K
}
Event: 11.592 GC heap before
{Heap before GC invocations=40 (full 0):
 garbage-first heap   total 173056K, used 154577K [0x0000000080000000, 0x0000000100000000)
  region size 1024K, 58 young (59392K), 8 survivors (8192K)
 Metaspace       used 115781K, committed 118016K, reserved 1179648K
  class space    used 15580K, committed 16704K, reserved 1048576K
}
Event: 11.598 GC heap after
{Heap after GC invocations=41 (full 0):
 garbage-first heap   total 173056K, used 111028K [0x0000000080000000, 0x0000000100000000)
  region size 1024K, 7 young (7168K), 7 survivors (7168K)
 Metaspace       used 115781K, committed 118016K, reserved 1179648K
  class space    used 15580K, committed 16704K, reserved 1048576K
}
Event: 11.868 GC heap before
{Heap before GC invocations=41 (full 0):
 garbage-first heap   total 173056K, used 155060K [0x0000000080000000, 0x0000000100000000)
  region size 1024K, 51 young (52224K), 7 survivors (7168K)
 Metaspace       used 116300K, committed 118464K, reserved 1179648K
  class space    used 15679K, committed 16768K, reserved 1048576K
}
Event: 11.872 GC heap after
{Heap after GC invocations=42 (full 0):
 garbage-first heap   total 207872K, used 114243K [0x0000000080000000, 0x0000000100000000)
  region size 1024K, 6 young (6144K), 6 survivors (6144K)
 Metaspace       used 116300K, committed 118464K, reserved 1179648K
  class space    used 15679K, committed 16768K, reserved 1048576K
}
Event: 12.260 GC heap before
{Heap before GC invocations=43 (full 0):
 garbage-first heap   total 207872K, used 186947K [0x0000000080000000, 0x0000000100000000)
  region size 1024K, 78 young (79872K), 6 survivors (6144K)
 Metaspace       used 117557K, committed 119808K, reserved 1179648K
  class space    used 15850K, committed 16960K, reserved 1048576K
}
Event: 12.265 GC heap after
{Heap after GC invocations=44 (full 0):
 garbage-first heap   total 207872K, used 118024K [0x0000000080000000, 0x0000000100000000)
  region size 1024K, 10 young (10240K), 10 survivors (10240K)
 Metaspace       used 117557K, committed 119808K, reserved 1179648K
  class space    used 15850K, committed 16960K, reserved 1048576K
}
Event: 12.638 GC heap before
{Heap before GC invocations=44 (full 0):
 garbage-first heap   total 207872K, used 183560K [0x0000000080000000, 0x0000000100000000)
  region size 1024K, 75 young (76800K), 10 survivors (10240K)
 Metaspace       used 121355K, committed 123712K, reserved 1179648K
  class space    used 16344K, committed 17536K, reserved 1048576K
}
Event: 12.644 GC heap after
{Heap after GC invocations=45 (full 0):
 garbage-first heap   total 207872K, used 121790K [0x0000000080000000, 0x0000000100000000)
  region size 1024K, 8 young (8192K), 8 survivors (8192K)
 Metaspace       used 121355K, committed 123712K, reserved 1179648K
  class space    used 16344K, committed 17536K, reserved 1048576K
}
Event: 13.006 GC heap before
{Heap before GC invocations=45 (full 0):
 garbage-first heap   total 207872K, used 186302K [0x0000000080000000, 0x0000000100000000)
  region size 1024K, 72 young (73728K), 8 survivors (8192K)
 Metaspace       used 123395K, committed 125760K, reserved 1179648K
  class space    used 16662K, committed 17856K, reserved 1048576K
}
Event: 13.011 GC heap after
{Heap after GC invocations=46 (full 0):
 garbage-first heap   total 207872K, used 132821K [0x0000000080000000, 0x0000000100000000)
  region size 1024K, 9 young (9216K), 9 survivors (9216K)
 Metaspace       used 123395K, committed 125760K, reserved 1179648K
  class space    used 16662K, committed 17856K, reserved 1048576K
}

