# JRE version: OpenJDK Runtime Environment (21.0.5) (build 21.0.5+-13047016-b750.29)
# Java VM: OpenJDK 64-Bit Server VM (21.0.5+-13047016-b750.29, mixed mode, tiered, compressed oops, compressed class ptrs, g1 gc, windows-amd64)
GC Precious Log:
 CardTable entry size: 512
 Card Set container configuration: InlinePtr #cards 5 size 8 Array Of Cards #cards 12 size 40 Howl #buckets 4 coarsen threshold 1843 Howl Bitmap #cards 512 size 80 coarsen threshold 460 Card regions per heap region 1 cards per card region 2048
 CPUs: 16 total, 16 available
 Memory: 16052M
 Large Page Support: Disabled
 NUMA Support: Disabled
 Compressed Oops: Enabled (32-bit)
 Heap Region Size: 1M
 Heap Min Capacity: 8M
 Heap Initial Capacity: 252M
 Heap Max Capacity: 2G
 Pre-touch: Disabled
 Parallel Workers: 13
 Concurrent Workers: 3
 Concurrent Refinement Workers: 13
 Periodic GC: Disabled
Heap:
 garbage-first heap   total 286720K, used 201298K [0x0000000080000000, 0x0000000100000000)
  region size 1024K, 8 young (8192K), 8 survivors (8192K)
 Metaspace       used 138897K, committed 141248K, reserved 1179648K
  class space    used 19430K, committed 20608K, reserved 1048576K
GC Heap History (20 events):
Event: 11.386 GC heap after
{Heap after GC invocations=34 (full 0):
 garbage-first heap   total 192512K, used 113556K [0x0000000080000000, 0x0000000100000000)
  region size 1024K, 7 young (7168K), 7 survivors (7168K)
 Metaspace       used 116259K, committed 118464K, reserved 1179648K
  class space    used 15665K, committed 16768K, reserved 1048576K
}
Event: 11.651 GC heap before
{Heap before GC invocations=34 (full 0):
 garbage-first heap   total 192512K, used 172948K [0x0000000080000000, 0x0000000100000000)
  region size 1024K, 66 young (67584K), 7 survivors (7168K)
 Metaspace       used 116695K, committed 118912K, reserved 1179648K
  class space    used 15716K, committed 16832K, reserved 1048576K
}
Event: 11.657 GC heap after
{Heap after GC invocations=35 (full 0):
 garbage-first heap   total 192512K, used 117587K [0x0000000080000000, 0x0000000100000000)
  region size 1024K, 6 young (6144K), 6 survivors (6144K)
 Metaspace       used 116695K, committed 118912K, reserved 1179648K
  class space    used 15716K, committed 16832K, reserved 1048576K
}
Event: 12.084 GC heap before
{Heap before GC invocations=36 (full 0):
 garbage-first heap   total 196608K, used 173907K [0x0000000080000000, 0x0000000100000000)
  region size 1024K, 62 young (63488K), 6 survivors (6144K)
 Metaspace       used 119959K, committed 122176K, reserved 1179648K
  class space    used 16112K, committed 17216K, reserved 1048576K
}
Event: 12.089 GC heap after
{Heap after GC invocations=37 (full 0):
 garbage-first heap   total 196608K, used 121929K [0x0000000080000000, 0x0000000100000000)
  region size 1024K, 7 young (7168K), 7 survivors (7168K)
 Metaspace       used 119959K, committed 122176K, reserved 1179648K
  class space    used 16112K, committed 17216K, reserved 1048576K
}
Event: 12.315 GC heap before
{Heap before GC invocations=37 (full 0):
 garbage-first heap   total 196608K, used 176201K [0x0000000080000000, 0x0000000100000000)
  region size 1024K, 61 young (62464K), 7 survivors (7168K)
 Metaspace       used 121139K, committed 123392K, reserved 1179648K
  class space    used 16321K, committed 17472K, reserved 1048576K
}
Event: 12.320 GC heap after
{Heap after GC invocations=38 (full 0):
 garbage-first heap   total 196608K, used 128603K [0x0000000080000000, 0x0000000100000000)
  region size 1024K, 8 young (8192K), 8 survivors (8192K)
 Metaspace       used 121139K, committed 123392K, reserved 1179648K
  class space    used 16321K, committed 17472K, reserved 1048576K
}
Event: 12.722 GC heap before
{Heap before GC invocations=38 (full 0):
 garbage-first heap   total 196608K, used 175707K [0x0000000080000000, 0x0000000100000000)
  region size 1024K, 55 young (56320K), 8 survivors (8192K)
 Metaspace       used 125491K, committed 127744K, reserved 1179648K
  class space    used 17005K, committed 18112K, reserved 1048576K
}
Event: 12.727 GC heap after
{Heap after GC invocations=39 (full 0):
 garbage-first heap   total 236544K, used 134495K [0x0000000080000000, 0x0000000100000000)
  region size 1024K, 6 young (6144K), 6 survivors (6144K)
 Metaspace       used 125491K, committed 127744K, reserved 1179648K
  class space    used 17005K, committed 18112K, reserved 1048576K
}
Event: 12.956 GC heap before
{Heap before GC invocations=40 (full 0):
 garbage-first heap   total 236544K, used 210271K [0x0000000080000000, 0x0000000100000000)
  region size 1024K, 81 young (82944K), 6 survivors (6144K)
 Metaspace       used 127649K, committed 129984K, reserved 1179648K
  class space    used 17353K, committed 18496K, reserved 1048576K
}
Event: 12.966 GC heap after
{Heap after GC invocations=41 (full 0):
 garbage-first heap   total 236544K, used 150742K [0x0000000080000000, 0x0000000100000000)
  region size 1024K, 11 young (11264K), 11 survivors (11264K)
 Metaspace       used 127649K, committed 129984K, reserved 1179648K
  class space    used 17353K, committed 18496K, reserved 1048576K
}
Event: 13.246 GC heap before
{Heap before GC invocations=41 (full 0):
 garbage-first heap   total 236544K, used 210134K [0x0000000080000000, 0x0000000100000000)
  region size 1024K, 70 young (71680K), 11 survivors (11264K)
 Metaspace       used 130476K, committed 132800K, reserved 1179648K
  class space    used 17848K, committed 19008K, reserved 1048576K
}
Event: 13.257 GC heap after
{Heap after GC invocations=42 (full 0):
 garbage-first heap   total 236544K, used 160407K [0x0000000080000000, 0x0000000100000000)
  region size 1024K, 9 young (9216K), 9 survivors (9216K)
 Metaspace       used 130476K, committed 132800K, reserved 1179648K
  class space    used 17848K, committed 19008K, reserved 1048576K
}
Event: 13.386 GC heap before
{Heap before GC invocations=42 (full 0):
 garbage-first heap   total 236544K, used 212631K [0x0000000080000000, 0x0000000100000000)
  region size 1024K, 61 young (62464K), 9 survivors (9216K)
 Metaspace       used 131318K, committed 133696K, reserved 1179648K
  class space    used 17956K, committed 19136K, reserved 1048576K
}
Event: 13.394 GC heap after
{Heap after GC invocations=43 (full 0):
 garbage-first heap   total 236544K, used 171768K [0x0000000080000000, 0x0000000100000000)
  region size 1024K, 8 young (8192K), 8 survivors (8192K)
 Metaspace       used 131318K, committed 133696K, reserved 1179648K
  class space    used 17956K, committed 19136K, reserved 1048576K
}
Event: 13.647 GC heap before
{Heap before GC invocations=44 (full 0):
 garbage-first heap   total 286720K, used 212728K [0x0000000080000000, 0x0000000100000000)
  region size 1024K, 49 young (50176K), 8 survivors (8192K)
 Metaspace       used 133992K, committed 136384K, reserved 1179648K
  class space    used 18524K, committed 19712K, reserved 1048576K
}
Event: 13.652 GC heap after
{Heap after GC invocations=45 (full 0):
 garbage-first heap   total 286720K, used 179919K [0x0000000080000000, 0x0000000100000000)
  region size 1024K, 7 young (7168K), 7 survivors (7168K)
 Metaspace       used 133992K, committed 136384K, reserved 1179648K
  class space    used 18524K, committed 19712K, reserved 1048576K
}
Event: 13.753 GC heap before
{Heap before GC invocations=45 (full 0):
 garbage-first heap   total 286720K, used 254671K [0x0000000080000000, 0x0000000100000000)
  region size 1024K, 80 young (81920K), 7 survivors (7168K)
 Metaspace       used 134839K, committed 137152K, reserved 1179648K
  class space    used 18676K, committed 19840K, reserved 1048576K
}
Event: 13.761 GC heap after
{Heap after GC invocations=46 (full 0):
 garbage-first heap   total 286720K, used 192295K [0x0000000080000000, 0x0000000100000000)
  region size 1024K, 10 young (10240K), 10 survivors (10240K)
 Metaspace       used 134839K, committed 137152K, reserved 1179648K
  class space    used 18676K, committed 19840K, reserved 1048576K
}
Event: 13.994 GC heap before
{Heap before GC invocations=46 (full 0):
 garbage-first heap   total 286720K, used 255783K [0x0000000080000000, 0x0000000100000000)
  region size 1024K, 73 young (74752K), 10 survivors (10240K)
 Metaspace       used 138897K, committed 141248K, reserved 1179648K
  class space    used 19430K, committed 20608K, reserved 1048576K
}

